<?xml version="1.0" encoding="UTF-8"?>
<!-- Generated by org.testng.reporters.JUnitXMLReporter -->
<testsuite ignored="0" hostname="LAPTOP-AOJDMLP9" failures="0" tests="4" name="MyTest1" time="20.955" errors="0" timestamp="09 Mar 2024 22:40:00 GMT">
  <testcase classname="com.TestNGDemos.D05AmazonTest" name="clickOnBestSellers" time="2.377"/>
  <testcase classname="com.TestNGDemos.D05AmazonTest" name="clickOnMobiles" time="2.26"/>
  <testcase classname="com.TestNGDemos.D05AmazonTest" name="clickOnTodaysDeal" time="2.075"/>
  <testcase classname="com.TestNGDemos.D05AmazonTest" name="clickOnElectronics" time="3.665"/>
</testsuite> <!-- MyTest1 -->
