<?xml version="1.0" encoding="UTF-8"?>
<!-- Generated by org.testng.reporters.JUnitXMLReporter -->
<testsuite ignored="0" hostname="LAPTOP-AOJDMLP9" failures="0" tests="4" name="MyTest2" time="18.133" errors="0" timestamp="09 Mar 2024 22:40:19 GMT">
  <testcase classname="com.TestNGDemos.D02SecondTest" name="openZepto" time="4.279"/>
  <testcase classname="com.TestNGDemos.D02SecondTest" name="openBewakoof" time="3.409"/>
  <testcase classname="com.TestNGDemos.D02SecondTest" name="openMyntra" time="6.868"/>
  <testcase classname="com.TestNGDemos.D02SecondTest" name="openMeesho" time="3.573"/>
</testsuite> <!-- MyTest2 -->
