<?xml version="1.0" encoding="UTF-8"?>
<!-- Generated by org.testng.reporters.JUnitXMLReporter -->
<testsuite ignored="1" hostname="LAPTOP-AOJDMLP9" failures="0" tests="3" name="MyTest" time="16.992" errors="0" timestamp="09 Mar 2024 14:55:39 GMT">
  <testcase classname="com.TestNGDemos.D05AmazonTest" name="clickOnBestSellers" time="2.363"/>
  <testcase classname="com.TestNGDemos.D05AmazonTest" name="clickOnTodaysDeal" time="1.444"/>
  <testcase classname="com.TestNGDemos.D05AmazonTest" name="clickOnElectronics" time="3.798"/>
  <testcase classname="com.TestNGDemos.D05AmazonTest" name="clickOnMobiles" time="0.0">
    <ignored/>
  </testcase> <!-- clickOnMobiles -->
</testsuite> <!-- MyTest -->
